2024-05-09 13:14:45,336:WARNING:
'cuml' is a soft dependency and not included in the pycaret installation. Please run: `pip install cuml` to install.
2024-05-09 13:14:45,336:WARNING:
'cuml' is a soft dependency and not included in the pycaret installation. Please run: `pip install cuml` to install.
2024-05-09 13:14:45,336:WARNING:
'cuml' is a soft dependency and not included in the pycaret installation. Please run: `pip install cuml` to install.
2024-05-09 13:14:45,336:WARNING:
'cuml' is a soft dependency and not included in the pycaret installation. Please run: `pip install cuml` to install.
2024-05-09 13:38:18,573:WARNING:
'cuml' is a soft dependency and not included in the pycaret installation. Please run: `pip install cuml` to install.
2024-05-09 13:38:18,574:WARNING:
'cuml' is a soft dependency and not included in the pycaret installation. Please run: `pip install cuml` to install.
2024-05-09 13:38:18,574:WARNING:
'cuml' is a soft dependency and not included in the pycaret installation. Please run: `pip install cuml` to install.
2024-05-09 13:38:18,574:WARNING:
'cuml' is a soft dependency and not included in the pycaret installation. Please run: `pip install cuml` to install.
2024-05-09 15:06:52,598:WARNING:/Users/ellandalla/Desktop/Matt_D_Python/ds4b_2101_p/lib/python3.11/site-packages/pycaret/utils/generic.py:830: DeprecationWarning:

invalid escape sequence '\P'


2024-05-09 15:11:58,592:WARNING:/Users/ellandalla/Desktop/Matt_D_Python/ds4b_2101_p/lib/python3.11/site-packages/joblib/memory.py:999: DeprecationWarning:

bytes_limit argument has been deprecated. It will be removed in version 1.5. Please pass its value directly to Memory.reduce_size.


2024-05-10 14:22:23,290:WARNING:
'cuml' is a soft dependency and not included in the pycaret installation. Please run: `pip install cuml` to install.
2024-05-10 14:22:23,291:WARNING:
'cuml' is a soft dependency and not included in the pycaret installation. Please run: `pip install cuml` to install.
2024-05-10 14:22:23,291:WARNING:
'cuml' is a soft dependency and not included in the pycaret installation. Please run: `pip install cuml` to install.
2024-05-10 14:22:23,291:WARNING:
'cuml' is a soft dependency and not included in the pycaret installation. Please run: `pip install cuml` to install.
2024-05-10 14:25:51,196:WARNING:/Users/ellandalla/Desktop/Matt_D_Python/ds4b_2101_p/lib/python3.11/site-packages/joblib/memory.py:999: DeprecationWarning:

bytes_limit argument has been deprecated. It will be removed in version 1.5. Please pass its value directly to Memory.reduce_size.


2024-05-10 14:40:41,711:WARNING:
'cuml' is a soft dependency and not included in the pycaret installation. Please run: `pip install cuml` to install.
2024-05-10 14:40:41,711:WARNING:
'cuml' is a soft dependency and not included in the pycaret installation. Please run: `pip install cuml` to install.
2024-05-10 14:40:41,711:WARNING:
'cuml' is a soft dependency and not included in the pycaret installation. Please run: `pip install cuml` to install.
2024-05-10 14:40:41,711:WARNING:
'cuml' is a soft dependency and not included in the pycaret installation. Please run: `pip install cuml` to install.
2024-05-10 15:31:19,570:WARNING:/Users/ellandalla/Desktop/Matt_D_Python/ds4b_2101_p/lib/python3.11/site-packages/joblib/memory.py:999: DeprecationWarning:

bytes_limit argument has been deprecated. It will be removed in version 1.5. Please pass its value directly to Memory.reduce_size.


