2024-05-08 13:23:44,006:WARNING:
'cuml' is a soft dependency and not included in the pycaret installation. Please run: `pip install cuml` to install.
2024-05-08 13:23:44,006:WARNING:
'cuml' is a soft dependency and not included in the pycaret installation. Please run: `pip install cuml` to install.
2024-05-08 13:23:44,006:WARNING:
'cuml' is a soft dependency and not included in the pycaret installation. Please run: `pip install cuml` to install.
2024-05-08 13:23:44,006:WARNING:
'cuml' is a soft dependency and not included in the pycaret installation. Please run: `pip install cuml` to install.
2024-05-08 13:25:43,786:INFO:Initializing load_model()
2024-05-08 13:25:43,786:INFO:load_model(model_name=models/xgb_model_tuned, platform=None, authentication=None, verbose=True)
2024-05-08 13:28:00,871:INFO:Initializing load_model()
2024-05-08 13:28:00,871:INFO:load_model(model_name=models/xgb_model_tuned, platform=None, authentication=None, verbose=True)
2024-05-08 13:28:00,907:INFO:Initializing predict_model()
2024-05-08 13:28:00,907:INFO:predict_model(self=<pycaret.classification.oop.ClassificationExperiment object at 0x2896077d0>, estimator=Pipeline(memory=Memory(location=None),
         steps=[('numerical_imputer',
                 TransformerWrapper(include=['tag_count',
                                             'tag_count_by_optin_day',
                                             'tag_aws_webinar',
                                             'tag_learning_lab',
                                             'tag_learning_lab_05',
                                             'tag_learning_lab_09',
                                             'tag_learning_lab_11',
                                             'tag_learning_lab_12',
                                             'tag_learning_lab_13',
                                             'tag_learning_lab_14',
                                             'tag_learning_lab_15',
                                             'tag_learning_lab_16',
                                             'tag_l...
                               feature_types=None, gamma=None, grow_policy=None,
                               importance_type=None,
                               interaction_constraints=None, learning_rate=None,
                               max_bin=None, max_cat_threshold=None,
                               max_cat_to_onehot=None, max_delta_step=None,
                               max_depth=None, max_leaves=None,
                               min_child_weight=None, missing=nan,
                               monotone_constraints=None, multi_strategy=None,
                               n_estimators=None, n_jobs=-1,
                               num_parallel_tree=None, random_state=123, ...))]), probability_threshold=None, encoded_labels=False, raw_score=True, round=4, verbose=True, ml_usecase=None, preprocess=True, encode_labels=<function _SupervisedExperiment.predict_model.<locals>.encode_labels at 0x28eabe5c0>)
2024-05-08 13:28:00,907:INFO:Checking exceptions
2024-05-08 13:28:00,907:INFO:Preloading libraries
2024-05-08 13:28:00,907:INFO:Set up data.
2024-05-08 13:28:01,020:INFO:Set up index.
2024-05-08 15:45:35,530:INFO:Initializing load_model()
2024-05-08 15:45:35,531:INFO:load_model(model_name=models/ada_model_tuned, platform=None, authentication=None, verbose=True)
